<?xml version="1.0" encoding="UTF-8"?>
<!-- Generated by org.testng.reporters.JUnitXMLReporter -->
<testsuite hostname="LT" ignored="0" name="Command line test" tests="1" failures="1" timestamp="14 Jun 2021 03:10:40 GMT" time="0.535" errors="0">
  <testcase name="test_1" time="0.482" classname="tests.TestExample">
    <failure type="java.lang.NoClassDefFoundError" message="org/apache/http/client/HttpClient">
      <![CDATA[java.lang.NoClassDefFoundError: org/apache/http/client/HttpClient
at io.restassured.config.HttpClientConfig.defaultHttpClientFactory(HttpClientConfig.java:264)
at io.restassured.config.HttpClientConfig.<init>(HttpClientConfig.java:76)
at io.restassured.config.RestAssuredConfig.<init>(RestAssuredConfig.java:41)
at io.restassured.RestAssured.<clinit>(RestAssured.java:421)
at tests.TestExample.test_1(TestExample.java:12)
Caused by: java.lang.ClassNotFoundException: org.apache.http.client.HttpClient
at java.net.URLClassLoader.findClass(URLClassLoader.java:382)
at java.lang.ClassLoader.loadClass(ClassLoader.java:424)
at sun.misc.Launcher$AppClassLoader.loadClass(Launcher.java:349)
at java.lang.ClassLoader.loadClass(ClassLoader.java:357)
... 39 more
... Removed 34 stack frames]]>
    </failure>
  </testcase> <!-- test_1 -->
</testsuite> <!-- Command line test -->
