<?xml version="1.0" encoding="UTF-8"?>
<!-- Generated by org.testng.reporters.JUnitXMLReporter -->
<testsuite hostname="LT" ignored="0" name="Default test" tests="2" failures="0" timestamp="07 Jul 2021 11:33:55 GMT" time="5.845" errors="0">
  <testcase name="createNewStudentSerialization" time="5.486" classname="pojo_and_others.StudentApi_Serialization"/>
  <testcase name="getStudentRecord_Deserialization" time="0.305" classname="pojo_and_others.StudentApi_Serialization"/>
</testsuite> <!-- Default test -->
