-------------------------------------------------------------------------------
Test set: tests.TestExample
-------------------------------------------------------------------------------
Tests run: 1, Failures: 1, Errors: 0, Skipped: 0, Time elapsed: 1.427 sec <<< FAILURE!
test_1(tests.TestExample)  Time elapsed: 0.483 sec  <<< FAILURE!
java.lang.NoClassDefFoundError: org/apache/http/client/HttpClient
	at io.restassured.config.HttpClientConfig.defaultHttpClientFactory(HttpClientConfig.java:264)
	at io.restassured.config.HttpClientConfig.<init>(HttpClientConfig.java:76)
	at io.restassured.config.RestAssuredConfig.<init>(RestAssuredConfig.java:41)
	at io.restassured.RestAssured.<clinit>(RestAssured.java:421)
	at tests.TestExample.test_1(TestExample.java:12)
Caused by: java.lang.ClassNotFoundException: org.apache.http.client.HttpClient
	at java.net.URLClassLoader.findClass(URLClassLoader.java:382)
	at java.lang.ClassLoader.loadClass(ClassLoader.java:424)
	at sun.misc.Launcher$AppClassLoader.loadClass(Launcher.java:349)
	at java.lang.ClassLoader.loadClass(ClassLoader.java:357)
	... 39 more

