<?xml version="1.0" encoding="UTF-8" ?>
<testsuite tests="1" failures="1" name="tests.TestExample" time="0.483" errors="0" skipped="0">
  <properties>
[...]
</properties>
  <testcase classname="tests.TestExample" name="test_1" time="0.483">
    <failure message="org/apache/http/client/HttpClient" type="java.lang.NoClassDefFoundError">java.lang.NoClassDefFoundError: org/apache/http/client/HttpClient
	at io.restassured.config.HttpClientConfig.defaultHttpClientFactory(HttpClientConfig.java:264)
	at io.restassured.config.HttpClientConfig.&lt;init&gt;(HttpClientConfig.java:76)
	at io.restassured.config.RestAssuredConfig.&lt;init&gt;(RestAssuredConfig.java:41)
	at io.restassured.RestAssured.&lt;clinit&gt;(RestAssured.java:421)
	at tests.TestExample.test_1(TestExample.java:12)
Caused by: java.lang.ClassNotFoundException: org.apache.http.client.HttpClient
	at java.net.URLClassLoader.findClass(URLClassLoader.java:382)
	at java.lang.ClassLoader.loadClass(ClassLoader.java:424)
	at sun.misc.Launcher$AppClassLoader.loadClass(Launcher.java:349)
	at java.lang.ClassLoader.loadClass(ClassLoader.java:357)
	... 39 more
</failure>
    <system-out>Configuring TestNG with: org.apache.maven.surefire.testng.conf.TestNG652Configurator@4cdf35a9
</system-out>
  </testcase>
</testsuite>